<?xml version="1.0" encoding="utf-8"?>
<test-run id="2" duration="0.189" testcasecount="1" total="1" passed="1" failed="0" inconclusive="0" skipped="0" result="Passed" start-time="2019-02-22T 13:40:10Z" end-time="2019-02-22T 13:40:12Z">
  <test-suite type="Assembly" name="CTM.QuoteAPI.Tests.dll" fullname="C:\Users\Chris\Documents\GitHub\rmq-loan-demonstration\CTM.QuoteAPI.Tests\bin\Debug\netcoreapp2.2\CTM.QuoteAPI.Tests.dll" total="1" passed="1" failed="0" inconclusive="0" skipped="0" result="Passed" duration="0.189">
    <test-suite type="TestSuite" name="CTM" fullname="CTM" total="1" passed="1" failed="0" inconclusive="0" skipped="0" result="Passed" duration="0.189">
      <test-suite type="TestSuite" name="QuoteAPI" fullname="CTM.QuoteAPI" total="1" passed="1" failed="0" inconclusive="0" skipped="0" result="Passed" duration="0.189">
        <test-suite type="TestSuite" name="Tests" fullname="CTM.QuoteAPI.Tests" total="1" passed="1" failed="0" inconclusive="0" skipped="0" result="Passed" duration="0.189">
          <test-suite type="TestSuite" name="Model" fullname="CTM.QuoteAPI.Tests.Model" total="1" passed="1" failed="0" inconclusive="0" skipped="0" result="Passed" duration="0.189">
            <test-suite type="TestSuite" name="Impl" fullname="CTM.QuoteAPI.Tests.Model.Impl" total="1" passed="1" failed="0" inconclusive="0" skipped="0" result="Passed" duration="0.189">
              <test-suite type="TestFixture" name="TestQuoteAggregator" fullname="CTM.QuoteAPI.Tests.Model.Impl.TestQuoteAggregator" total="1" passed="1" failed="0" inconclusive="0" skipped="0" result="Passed" duration="0.189">
                <test-case name="TestAllProvidersCalled" fullname="CTM.QuoteAPI.Tests.Model.Impl.TestQuoteAggregator.TestAllProvidersCalled" methodname="TestAllProvidersCalled" classname="CTM.QuoteAPI.Tests.Model.Impl.TestQuoteAggregator" result="Passed" duration="0.189" asserts="0" />
              </test-suite>
            </test-suite>
          </test-suite>
        </test-suite>
      </test-suite>
    </test-suite>
    <errors />
  </test-suite>
</test-run>